Project1.exe: 00004B0C: 13:38:08 []:>--------------------------------------------------------------<
Project1.exe: 00004B0C: 13:38:08 [TUniServerModule]:Server First Init.
Project1.exe: 00004B0C: 13:38:08 [TUniServerModule]:Start Path = D:\New folder (4)\Win32\Debug\
Project1.exe: 00004B0C: 13:38:08 [TUniGUISessionManager]:Cache erase job created, Folder count: [1]
Project1.exe: 00004B0C: 13:38:08 [TUniServerModule]:Starting HTTP Server on Port: 8077...
Project1.exe: 00004B0C: 13:38:08 [TUniServerModule]:HTTP Server Started on Port: 8077
Project1.exe: 00004960: 13:46:14 [HandleFileRequest[127.0.0.1]]:File not found: D:\New folder (4)\Win32\Debug\D:\New folder (4)\Win32\Debug\cache\project1_exe\9sN8PCeV3c109A63D55\test.pdf
Project1.exe: 00003EA8: 13:46:17 [HandleFileRequest[127.0.0.1]]:File not found: D:\New folder (4)\Win32\Debug\D:\New folder (4)\Win32\Debug\cache\project1_exe\9sN8PCeV3c109A63D55\test.pdf
Project1.exe: 000037A8: 13:46:45 [HandleFileRequest[127.0.0.1]]:File not found: C:\Program Files (x86)\FMSoft\Framework\unigui\uni-1.90.0.1552\pdf.js\web\images\secondaryToolbarButton-selectTool.png
Project1.exe: 000046C0: 13:51:35 [127.0.0.1]:EUniSessionException : Invalid session or session Timeout. (Invalid URI: /m ) : Addr: $007E6A27
Project1.exe: 000043F8: 13:51:35 [HandleFileRequest[127.0.0.1]]:File not found: D:\New folder (4)\Win32\Debug\favicon.ico
Project1.exe: 00004B0C: 14:14:53 [TUniServerModule]:Shutting Down Server.
Project1.exe: 00004B0C: 14:14:53 [TUniServerModule]:Stopping HTTP Server.
Project1.exe: 00004B0C: 14:14:54 [TUniServerModule]:HTTP Server Stopped.
Project1.exe: 00004B0C: 14:14:54 [TUniGUISessionManager]:Terminating Session manager.
Project1.exe: 00004B0C: 14:14:54 [TUniGUISessionManager]:Stopping Cache Eraser...
Project1.exe: 00004B0C: 14:14:54 [TUniGUISessionManager]:Cache Eraser Stopped.
Project1.exe: 00004B0C: 14:14:54 [TUniGUISessionManager]:Waiting for session manager thread...
Project1.exe: 00004B0C: 14:14:54 [TUniGUISessionManager]:Session manager thread terminated.
Project1.exe: 00004B0C: 14:14:54 [TUniGUISessionManager]:Destroying Worker Threads.
Project1.exe: 00004B0C: 14:14:54 [TUniGUISessionManager]:Session manager terminated.
Project1.exe: 00004B0C: 14:14:54 [TUniServerModule]:Server Shutdown Completed.
Project1.exe: 00004B0C: 14:14:54 []:<-------------------------------------------------------------->
Project1.exe: 00004B0C: 14:14:54 [Terminated]:Exit Code: 0
Project1.exe: 0000090C: 14:14:59 []:>--------------------------------------------------------------<
Project1.exe: 0000090C: 14:14:59 [TUniServerModule]:Server First Init.
Project1.exe: 0000090C: 14:14:59 [TUniServerModule]:Start Path = D:\New folder (4)\Win32\Debug\
Project1.exe: 0000090C: 14:14:59 [TUniServerModule]:Starting HTTP Server on Port: 8077...
Project1.exe: 0000090C: 14:14:59 [TUniServerModule]:HTTP Server Started on Port: 8077
Project1.exe: 000049E4: 14:15:06 [127.0.0.1]:EConvertError : Cannot assign a nil to a TFont : Addr: $004BC4CA
Project1.exe: 000049E4: 14:15:06 [127.0.0.1]:EUniSessionException : Invalid session or session Timeout. (Session not found: 9sN8PCeV3c109A63D55 ) : Addr: $007E6A27
Project1.exe: 000049E4: 14:15:07 [127.0.0.1]:EConvertError : Cannot assign a nil to a TFont : Addr: $004BC4CA
Project1.exe: 000049E4: 14:15:10 [127.0.0.1]:EConvertError : Cannot assign a nil to a TFont : Addr: $004BC4CA
Project1.exe: 000049E4: 14:15:11 [127.0.0.1]:EConvertError : Cannot assign a nil to a TFont : Addr: $004BC4CA
Project1.exe: 000049E4: 14:15:12 [127.0.0.1]:EConvertError : Cannot assign a nil to a TFont : Addr: $004BC4CA
Project1.exe: 000049E4: 14:15:12 [127.0.0.1]:EConvertError : Cannot assign a nil to a TFont : Addr: $004BC4CA
Project1.exe: 000049E4: 14:15:12 [127.0.0.1]:EConvertError : Cannot assign a nil to a TFont : Addr: $004BC4CA
Project1.exe: 000049E4: 14:15:12 [127.0.0.1]:EConvertError : Cannot assign a nil to a TFont : Addr: $004BC4CA
Project1.exe: 000049E4: 14:15:15 [127.0.0.1]:EConvertError : Cannot assign a nil to a TFont : Addr: $004BC4CA
Project1.exe: 0000090C: 14:15:26 [TUniServerModule]:Shutting Down Server.
Project1.exe: 0000090C: 14:15:26 [TUniServerModule]:Stopping HTTP Server.
Project1.exe: 0000090C: 14:15:27 [TUniServerModule]:HTTP Server Stopped.
Project1.exe: 0000090C: 14:15:27 [TUniGUISessionManager]:Terminating Session manager.
Project1.exe: 0000090C: 14:15:27 [TUniGUISessionManager]:Stopping Cache Eraser...
Project1.exe: 0000090C: 14:15:27 [TUniGUISessionManager]:Cache Eraser Stopped.
Project1.exe: 0000090C: 14:15:27 [TUniGUISessionManager]:Destroying Worker Threads.
Project1.exe: 0000090C: 14:15:27 [TUniGUISessionManager]:Session manager terminated.
Project1.exe: 0000090C: 14:15:27 [TUniServerModule]:Server Shutdown Completed.
Project1.exe: 0000090C: 14:15:27 []:<-------------------------------------------------------------->
Project1.exe: 0000090C: 14:15:27 [Terminated]:Exit Code: 0
Project1.exe: 00004694: 14:16:07 []:>--------------------------------------------------------------<
Project1.exe: 00004694: 14:16:07 [TUniServerModule]:Server First Init.
Project1.exe: 00004694: 14:16:07 [TUniServerModule]:Start Path = D:\New folder (4)\Win32\Debug\
Project1.exe: 00004694: 14:16:07 [TUniGUISessionManager]:Cache erase job created, Folder count: [9]
Project1.exe: 00004694: 14:16:07 [TUniServerModule]:Starting HTTP Server on Port: 8077...
Project1.exe: 00004694: 14:16:07 [TUniServerModule]:HTTP Server Started on Port: 8077
Project1.exe: 00004694: 14:24:43 [TUniServerModule]:Shutting Down Server.
Project1.exe: 00004694: 14:24:43 [TUniServerModule]:Stopping HTTP Server.
Project1.exe: 00004694: 14:24:44 [TUniServerModule]:HTTP Server Stopped.
Project1.exe: 00004694: 14:24:44 [TUniGUISessionManager]:Terminating Session manager.
Project1.exe: 00004694: 14:24:44 [TUniGUISessionManager]:Stopping Cache Eraser...
Project1.exe: 00004694: 14:24:44 [TUniGUISessionManager]:Cache Eraser Stopped.
Project1.exe: 00004694: 14:24:44 [TUniGUISessionManager]:Destroying Worker Threads.
Project1.exe: 00004694: 14:24:44 [TUniGUISessionManager]:Session manager terminated.
Project1.exe: 00004694: 14:24:44 [TUniServerModule]:Server Shutdown Completed.
Project1.exe: 00004694: 14:24:44 []:<-------------------------------------------------------------->
Project1.exe: 00004694: 14:24:44 [Terminated]:Exit Code: 0
Project1.exe: 00000C58: 14:24:50 []:>--------------------------------------------------------------<
Project1.exe: 00000C58: 14:24:50 [TUniServerModule]:Server First Init.
Project1.exe: 00000C58: 14:24:50 [TUniServerModule]:Start Path = D:\New folder (4)\Win32\Debug\
Project1.exe: 00000C58: 14:24:50 [TUniGUISessionManager]:Cache erase job created, Folder count: [1]
Project1.exe: 00000C58: 14:24:50 [TUniServerModule]:Starting HTTP Server on Port: 8077...
Project1.exe: 00000C58: 14:24:50 [TUniServerModule]:HTTP Server Started on Port: 8077
Project1.exe: 00004350: 14:24:54 [127.0.0.1]:EUniSessionException : Invalid session or session Timeout. (Session not found: OFrc2UyPr7109A64740 ) : Addr: $007E6A27
Project1.exe: 00004920: 15:28:36 [127.0.0.1]:EUniSessionException : Invalid session or session Timeout. (Session not found: 5sRg8Jbi5j109A6499F ) : Addr: $007E6A27
Project1.exe: 00000C58: 15:28:44 [TUniServerModule]:Shutting Down Server.
Project1.exe: 00000C58: 15:28:44 [TUniServerModule]:Stopping HTTP Server.
Project1.exe: 00000C58: 15:28:45 [TUniServerModule]:HTTP Server Stopped.
Project1.exe: 00000C58: 15:28:45 [TUniGUISessionManager]:Terminating Session manager.
Project1.exe: 00000C58: 15:28:45 [TUniGUISessionManager]:Stopping Cache Eraser...
Project1.exe: 00000C58: 15:28:45 [TUniGUISessionManager]:Cache Eraser Stopped.
Project1.exe: 00000C58: 15:28:45 [TUniGUISessionManager]:Waiting for session manager thread...
Project1.exe: 00000C58: 15:28:45 [TUniGUISessionManager]:Session manager thread terminated.
Project1.exe: 00000C58: 15:28:45 [TUniGUISessionManager]:Destroying Worker Threads.
Project1.exe: 00000C58: 15:28:45 [TUniGUISessionManager]:Session manager terminated.
Project1.exe: 00000C58: 15:28:45 [TUniServerModule]:Server Shutdown Completed.
Project1.exe: 00000C58: 15:28:45 []:<-------------------------------------------------------------->
Project1.exe: 00000C58: 15:28:45 [Terminated]:Exit Code: 0
