PuniSalary2023.exe: 000019F0: 15:55:17 []:>--------------------------------------------------------------<
PuniSalary2023.exe: 000019F0: 15:55:17 [TUniServerModule]:Server First Init.
PuniSalary2023.exe: 000019F0: 15:55:17 [TUniServerModule]:Start Path = D:\WorkSpace\UniSaraly\
PuniSalary2023.exe: 000019F0: 15:55:17 [TUniServerModule]:Starting HTTP Server on Port: 8077...
PuniSalary2023.exe: 000019F0: 15:55:17 [TUniServerModule]:HTTP Server Started on Port: 8077
PuniSalary2023.exe: 000047E8: 15:55:46 [127.0.0.1]:EUniError : Named Pipes Provider: Could not open a connection to SQL Server [53].  : Addr: $009071AC
PuniSalary2023.exe: 000047E8: 15:55:48 [HandleFileRequest[127.0.0.1]]:File not found: D:\WorkSpace\UniSaraly\favicon.ico
PuniSalary2023.exe: 00005108: 16:01:36 [127.0.0.1]:EUniError : Named Pipes Provider: Could not open a connection to SQL Server [53].  : Addr: $009071AC
PuniSalary2023.exe: 00005108: 16:04:23 [127.0.0.1]:EUniError : Named Pipes Provider: Could not open a connection to SQL Server [53].  : Addr: $009071AC
PuniSalary2023.exe: 00002958: 16:04:47 [127.0.0.1]:EUniError : Named Pipes Provider: Could not open a connection to SQL Server [53].  : Addr: $009071AC
PuniSalary2023.exe: 00005014: 16:05:04 [127.0.0.1]:EUniError : Named Pipes Provider: Could not open a connection to SQL Server [53].  : Addr: $009071AC
PuniSalary2023.exe: 00005DC0: 16:06:33 [127.0.0.1]:EUniError : Named Pipes Provider: Could not open a connection to SQL Server [53].  : Addr: $009071AC
PuniSalary2023.exe: 00005DC0: 16:06:33 [HandleFileRequest[127.0.0.1]]:File not found: D:\WorkSpace\UniSaraly\favicon.ico
PuniSalary2023.exe: 00005014: 16:06:50 [127.0.0.1]:EUniError : Named Pipes Provider: Could not open a connection to SQL Server [53].  : Addr: $009071AC
PuniSalary2023.exe: 00005FB0: 16:07:06 [127.0.0.1]:EUniError : Named Pipes Provider: Could not open a connection to SQL Server [53].  : Addr: $009071AC
PuniSalary2023.exe: 00005FB0: 16:07:23 [127.0.0.1]:EUniError : Named Pipes Provider: Could not open a connection to SQL Server [53].  : Addr: $009071AC
PuniSalary2023.exe: 00005014: 16:10:59 [127.0.0.1]:EUniError : Named Pipes Provider: Could not open a connection to SQL Server [53].  : Addr: $009071AC
PuniSalary2023.exe: 000019F0: 16:12:07 [TUniServerModule]:Shutting Down Server.
PuniSalary2023.exe: 000019F0: 16:12:07 [TUniServerModule]:Stopping HTTP Server.
PuniSalary2023.exe: 000019F0: 16:12:08 [TUniServerModule]:HTTP Server Stopped.
PuniSalary2023.exe: 000019F0: 16:12:08 [TUniGUISessionManager]:Terminating Session manager.
PuniSalary2023.exe: 000019F0: 16:12:08 [TUniGUISessionManager]:Stopping Cache Eraser...
PuniSalary2023.exe: 000019F0: 16:12:08 [TUniGUISessionManager]:Cache Eraser Stopped.
PuniSalary2023.exe: 000019F0: 16:12:08 [TUniGUISessionManager]:Destroying Worker Threads.
PuniSalary2023.exe: 000019F0: 16:12:08 [TUniGUISessionManager]:Session manager terminated.
PuniSalary2023.exe: 000019F0: 16:12:08 [TUniServerModule]:Server Shutdown Completed.
PuniSalary2023.exe: 000019F0: 16:12:08 []:<-------------------------------------------------------------->
PuniSalary2023.exe: 000019F0: 16:12:08 [Terminated]:Exit Code: 0
PuniSalary2023.exe: 000045A0: 16:14:24 []:>--------------------------------------------------------------<
PuniSalary2023.exe: 000045A0: 16:14:24 [TUniServerModule]:Server First Init.
PuniSalary2023.exe: 000045A0: 16:14:24 [TUniServerModule]:Start Path = D:\WorkSpace\UniSaraly\
PuniSalary2023.exe: 000045A0: 16:14:24 [TUniServerModule]:Starting HTTP Server on Port: 8077...
PuniSalary2023.exe: 000045A0: 16:14:24 [TUniServerModule]:HTTP Server Started on Port: 8077
PuniSalary2023.exe: 00005A24: 16:14:44 [127.0.0.1]:EUniError : Named Pipes Provider: Could not open a connection to SQL Server [53].  : Addr: $009071AC
PuniSalary2023.exe: 000032D4: 16:15:01 [127.0.0.1]:EUniError : Named Pipes Provider: Could not open a connection to SQL Server [53].  : Addr: $009071AC
PuniSalary2023.exe: 0000571C: 16:15:18 [127.0.0.1]:EUniError : Named Pipes Provider: Could not open a connection to SQL Server [53].  : Addr: $009071AC
PuniSalary2023.exe: 000045A0: 16:15:45 [TUniServerModule]:Shutting Down Server.
PuniSalary2023.exe: 000045A0: 16:15:45 [TUniServerModule]:Stopping HTTP Server.
PuniSalary2023.exe: 000045A0: 16:15:46 [TUniServerModule]:HTTP Server Stopped.
PuniSalary2023.exe: 000045A0: 16:15:46 [TUniGUISessionManager]:Terminating Session manager.
PuniSalary2023.exe: 000045A0: 16:15:46 [TUniGUISessionManager]:Stopping Cache Eraser...
PuniSalary2023.exe: 000045A0: 16:15:46 [TUniGUISessionManager]:Cache Eraser Stopped.
PuniSalary2023.exe: 000045A0: 16:15:46 [TUniGUISessionManager]:Destroying Worker Threads.
PuniSalary2023.exe: 000045A0: 16:15:46 [TUniGUISessionManager]:Session manager terminated.
PuniSalary2023.exe: 000045A0: 16:15:46 [TUniServerModule]:Server Shutdown Completed.
PuniSalary2023.exe: 000045A0: 16:15:46 []:<-------------------------------------------------------------->
PuniSalary2023.exe: 000045A0: 16:15:46 [Terminated]:Exit Code: 0
PuniSalary2023.exe: 000019C4: 16:15:48 []:>--------------------------------------------------------------<
PuniSalary2023.exe: 000019C4: 16:15:48 [TUniServerModule]:Server First Init.
PuniSalary2023.exe: 000019C4: 16:15:48 [TUniServerModule]:Start Path = D:\WorkSpace\UniSaraly\
PuniSalary2023.exe: 000019C4: 16:15:48 [TUniServerModule]:Starting HTTP Server on Port: 8077...
PuniSalary2023.exe: 000019C4: 16:15:48 [TUniServerModule]:HTTP Server Started on Port: 8077
PuniSalary2023.exe: 000019C4: 16:26:10 [TUniServerModule]:Shutting Down Server.
PuniSalary2023.exe: 000019C4: 16:26:10 [TUniServerModule]:Stopping HTTP Server.
PuniSalary2023.exe: 000019C4: 16:26:11 [TUniServerModule]:HTTP Server Stopped.
PuniSalary2023.exe: 000019C4: 16:26:11 [TUniGUISessionManager]:Terminating Session manager.
PuniSalary2023.exe: 000019C4: 16:26:11 [TUniGUISessionManager]:Stopping Cache Eraser...
PuniSalary2023.exe: 000019C4: 16:26:11 [TUniGUISessionManager]:Cache Eraser Stopped.
PuniSalary2023.exe: 000019C4: 16:26:11 [TUniGUISessionManager]:Waiting for session manager thread...
PuniSalary2023.exe: 000019C4: 16:26:11 [TUniGUISessionManager]:Session manager thread terminated.
PuniSalary2023.exe: 000019C4: 16:26:11 [TUniGUISessionManager]:Destroying Worker Threads.
PuniSalary2023.exe: 000019C4: 16:26:11 [TUniGUISessionManager]:Session manager terminated.
PuniSalary2023.exe: 000019C4: 16:26:11 [TUniServerModule]:Server Shutdown Completed.
PuniSalary2023.exe: 000019C4: 16:26:11 []:<-------------------------------------------------------------->
PuniSalary2023.exe: 000019C4: 16:26:11 [Terminated]:Exit Code: 0
PuniSalary2023.exe: 00002B44: 16:26:17 []:>--------------------------------------------------------------<
PuniSalary2023.exe: 00002B44: 16:26:17 [TUniServerModule]:Server First Init.
PuniSalary2023.exe: 00002B44: 16:26:17 [TUniServerModule]:Start Path = D:\WorkSpace\UniSaraly\
PuniSalary2023.exe: 00002B44: 16:26:17 [TUniServerModule]:Starting HTTP Server on Port: 8077...
PuniSalary2023.exe: 00002B44: 16:26:17 [TUniServerModule]:HTTP Server Started on Port: 8077
PuniSalary2023.exe: 00002B44: 16:29:17 [TUniServerModule]:Shutting Down Server.
PuniSalary2023.exe: 00002B44: 16:29:17 [TUniServerModule]:Stopping HTTP Server.
PuniSalary2023.exe: 00002B44: 16:29:18 [TUniServerModule]:HTTP Server Stopped.
PuniSalary2023.exe: 00002B44: 16:29:18 [TUniGUISessionManager]:Terminating Session manager.
PuniSalary2023.exe: 00002B44: 16:29:18 [TUniGUISessionManager]:Stopping Cache Eraser...
PuniSalary2023.exe: 00002B44: 16:29:18 [TUniGUISessionManager]:Cache Eraser Stopped.
PuniSalary2023.exe: 00002B44: 16:29:18 [TUniGUISessionManager]:Destroying Worker Threads.
PuniSalary2023.exe: 00002B44: 16:29:18 [TUniGUISessionManager]:Session manager terminated.
PuniSalary2023.exe: 00002B44: 16:29:18 [TUniServerModule]:Server Shutdown Completed.
PuniSalary2023.exe: 00002B44: 16:29:18 []:<-------------------------------------------------------------->
PuniSalary2023.exe: 00002B44: 16:29:18 [Terminated]:Exit Code: 0
PuniSalary2023.exe: 00004E80: 16:29:21 []:>--------------------------------------------------------------<
PuniSalary2023.exe: 00004E80: 16:29:21 [TUniServerModule]:Server First Init.
PuniSalary2023.exe: 00004E80: 16:29:21 [TUniServerModule]:Start Path = D:\WorkSpace\UniSaraly\
PuniSalary2023.exe: 00004E80: 16:29:21 [TUniGUISessionManager]:Cache erase job created, Folder count: [1]
PuniSalary2023.exe: 00004E80: 16:29:21 [TUniServerModule]:Starting HTTP Server on Port: 8077...
PuniSalary2023.exe: 00004E80: 16:29:21 [TUniServerModule]:HTTP Server Started on Port: 8077
PuniSalary2023.exe: 00005E0C: 16:32:49 [127.0.0.1]:EUniSessionException : Invalid session or session Timeout. (Session not found: s3EK6tDb2P10B17AE17 ) : Addr: $007FF1E7
PuniSalary2023.exe: 00004E80: 16:34:52 [TUniServerModule]:Shutting Down Server.
PuniSalary2023.exe: 00004E80: 16:34:52 [TUniServerModule]:Stopping HTTP Server.
PuniSalary2023.exe: 00004E80: 16:34:53 [TUniServerModule]:HTTP Server Stopped.
PuniSalary2023.exe: 00004E80: 16:34:53 [TUniGUISessionManager]:Terminating Session manager.
PuniSalary2023.exe: 00004E80: 16:34:54 [TUniGUISessionManager]:Stopping Cache Eraser...
PuniSalary2023.exe: 00004E80: 16:34:54 [TUniGUISessionManager]:Cache Eraser Stopped.
PuniSalary2023.exe: 00004E80: 16:34:54 [TUniGUISessionManager]:Destroying Worker Threads.
PuniSalary2023.exe: 00004E80: 16:34:54 [TUniGUISessionManager]:Session manager terminated.
PuniSalary2023.exe: 00004E80: 16:34:54 [TUniServerModule]:Server Shutdown Completed.
PuniSalary2023.exe: 00004E80: 16:34:54 []:<-------------------------------------------------------------->
PuniSalary2023.exe: 00004E80: 16:34:54 [Terminated]:Exit Code: 0
PuniSalary2023.exe: 00004658: 16:34:58 []:>--------------------------------------------------------------<
PuniSalary2023.exe: 00004658: 16:34:58 [TUniServerModule]:Server First Init.
PuniSalary2023.exe: 00004658: 16:34:58 [TUniServerModule]:Start Path = D:\WorkSpace\UniSaraly\
PuniSalary2023.exe: 00004658: 16:34:58 [TUniGUISessionManager]:Cache erase job created, Folder count: [1]
PuniSalary2023.exe: 00004658: 16:34:58 [TUniServerModule]:Starting HTTP Server on Port: 8077...
PuniSalary2023.exe: 00004658: 16:34:58 [TUniServerModule]:HTTP Server Started on Port: 8077
PuniSalary2023.exe: 000053F4: 16:35:05 [HandleFileRequest[127.0.0.1]]:File not found: D:\WorkSpace\UniSaraly\favicon.ico
PuniSalary2023.exe: 00004658: 16:37:11 [TUniServerModule]:Shutting Down Server.
PuniSalary2023.exe: 00004658: 16:37:11 [TUniServerModule]:Stopping HTTP Server.
PuniSalary2023.exe: 00004658: 16:37:12 [TUniServerModule]:HTTP Server Stopped.
PuniSalary2023.exe: 00004658: 16:37:12 [TUniGUISessionManager]:Terminating Session manager.
PuniSalary2023.exe: 00004658: 16:37:12 [TUniGUISessionManager]:Stopping Cache Eraser...
PuniSalary2023.exe: 00004658: 16:37:12 [TUniGUISessionManager]:Cache Eraser Stopped.
PuniSalary2023.exe: 00004658: 16:37:12 [TUniGUISessionManager]:Destroying Worker Threads.
PuniSalary2023.exe: 00004658: 16:37:12 [TUniGUISessionManager]:Session manager terminated.
PuniSalary2023.exe: 00004658: 16:37:12 [TUniServerModule]:Server Shutdown Completed.
PuniSalary2023.exe: 00004658: 16:37:12 []:<-------------------------------------------------------------->
PuniSalary2023.exe: 00004658: 16:37:12 [Terminated]:Exit Code: 0
PuniSalary2023.exe: 00004CB0: 16:37:15 []:>--------------------------------------------------------------<
PuniSalary2023.exe: 00004CB0: 16:37:15 [TUniServerModule]:Server First Init.
PuniSalary2023.exe: 00004CB0: 16:37:15 [TUniServerModule]:Start Path = D:\WorkSpace\UniSaraly\
PuniSalary2023.exe: 00004CB0: 16:37:15 [TUniGUISessionManager]:Cache erase job created, Folder count: [1]
PuniSalary2023.exe: 00004CB0: 16:37:15 [TUniServerModule]:Starting HTTP Server on Port: 8077...
PuniSalary2023.exe: 00004CB0: 16:37:15 [TUniServerModule]:HTTP Server Started on Port: 8077
PuniSalary2023.exe: 00003A0C: 16:37:20 [127.0.0.1]:EUniSessionException : Invalid session or session Timeout. (Session not found: uMAicvoAvM10B17B030 ) : Addr: $007FF1E7
PuniSalary2023.exe: 00004CB0: 16:39:18 [TUniServerModule]:Shutting Down Server.
PuniSalary2023.exe: 00004CB0: 16:39:18 [TUniServerModule]:Stopping HTTP Server.
PuniSalary2023.exe: 00004CB0: 16:39:19 [TUniServerModule]:HTTP Server Stopped.
PuniSalary2023.exe: 00004CB0: 16:39:19 [TUniGUISessionManager]:Terminating Session manager.
PuniSalary2023.exe: 00004CB0: 16:39:19 [TUniGUISessionManager]:Stopping Cache Eraser...
PuniSalary2023.exe: 00004CB0: 16:39:19 [TUniGUISessionManager]:Cache Eraser Stopped.
PuniSalary2023.exe: 00004CB0: 16:39:19 [TUniGUISessionManager]:Destroying Worker Threads.
PuniSalary2023.exe: 00004CB0: 16:39:19 [TUniGUISessionManager]:Session manager terminated.
PuniSalary2023.exe: 00004CB0: 16:39:19 [TUniServerModule]:Server Shutdown Completed.
PuniSalary2023.exe: 00004CB0: 16:39:19 []:<-------------------------------------------------------------->
PuniSalary2023.exe: 00004CB0: 16:39:19 [Terminated]:Exit Code: 0
PuniSalary2023.exe: 00001780: 16:39:52 []:>--------------------------------------------------------------<
PuniSalary2023.exe: 00001780: 16:39:52 [TUniServerModule]:Server First Init.
PuniSalary2023.exe: 00001780: 16:39:52 [TUniServerModule]:Start Path = D:\WorkSpace\UniSaraly\
PuniSalary2023.exe: 00001780: 16:39:52 [TUniGUISessionManager]:Cache erase job created, Folder count: [1]
PuniSalary2023.exe: 00001780: 16:39:52 [TUniServerModule]:Starting HTTP Server on Port: 8077...
PuniSalary2023.exe: 00001780: 16:39:52 [TUniServerModule]:HTTP Server Started on Port: 8077
PuniSalary2023.exe: 00003320: 16:39:58 [127.0.0.1]:EUniSessionException : Invalid session or session Timeout. (Session not found: H5dVaY1ycg10B17B0CB ) : Addr: $007FF1E7
PuniSalary2023.exe: 00001780: 16:41:33 [TUniServerModule]:Shutting Down Server.
PuniSalary2023.exe: 00001780: 16:41:33 [TUniServerModule]:Stopping HTTP Server.
PuniSalary2023.exe: 00001780: 16:41:34 [TUniServerModule]:HTTP Server Stopped.
PuniSalary2023.exe: 00001780: 16:41:34 [TUniGUISessionManager]:Terminating Session manager.
PuniSalary2023.exe: 00001780: 16:41:34 [TUniGUISessionManager]:Stopping Cache Eraser...
PuniSalary2023.exe: 00001780: 16:41:34 [TUniGUISessionManager]:Cache Eraser Stopped.
PuniSalary2023.exe: 00001780: 16:41:34 [TUniGUISessionManager]:Destroying Worker Threads.
PuniSalary2023.exe: 00001780: 16:41:34 [TUniGUISessionManager]:Session manager terminated.
PuniSalary2023.exe: 00001780: 16:41:34 [TUniServerModule]:Server Shutdown Completed.
PuniSalary2023.exe: 00001780: 16:41:34 []:<-------------------------------------------------------------->
PuniSalary2023.exe: 00001780: 16:41:34 [Terminated]:Exit Code: 0
PuniSalary2023.exe: 00000920: 16:41:37 []:>--------------------------------------------------------------<
PuniSalary2023.exe: 00000920: 16:41:37 [TUniServerModule]:Server First Init.
PuniSalary2023.exe: 00000920: 16:41:37 [TUniServerModule]:Start Path = D:\WorkSpace\UniSaraly\
PuniSalary2023.exe: 00000920: 16:41:37 [TUniGUISessionManager]:Cache erase job created, Folder count: [1]
PuniSalary2023.exe: 00000920: 16:41:37 [TUniServerModule]:Starting HTTP Server on Port: 8077...
PuniSalary2023.exe: 00000920: 16:41:37 [TUniServerModule]:HTTP Server Started on Port: 8077
PuniSalary2023.exe: 00000920: 16:41:43 [TUniServerModule]:Shutting Down Server.
PuniSalary2023.exe: 00000920: 16:41:43 [TUniServerModule]:Stopping HTTP Server.
PuniSalary2023.exe: 00000920: 16:41:44 [TUniServerModule]:HTTP Server Stopped.
PuniSalary2023.exe: 00000920: 16:41:44 [TUniGUISessionManager]:Terminating Session manager.
PuniSalary2023.exe: 00000920: 16:41:44 [TUniGUISessionManager]:Stopping Cache Eraser...
PuniSalary2023.exe: 00000920: 16:41:44 [TUniGUISessionManager]:Cache Eraser Stopped.
PuniSalary2023.exe: 00000920: 16:41:44 [TUniGUISessionManager]:Destroying Worker Threads.
PuniSalary2023.exe: 00000920: 16:41:44 [TUniGUISessionManager]:Session manager terminated.
PuniSalary2023.exe: 00000920: 16:41:44 [TUniServerModule]:Server Shutdown Completed.
PuniSalary2023.exe: 00000920: 16:41:44 []:<-------------------------------------------------------------->
PuniSalary2023.exe: 00000920: 16:41:44 [Terminated]:Exit Code: 0
PuniSalary2023.exe: 00005FBC: 16:41:46 []:>--------------------------------------------------------------<
PuniSalary2023.exe: 00005FBC: 16:41:46 [TUniServerModule]:Server First Init.
PuniSalary2023.exe: 00005FBC: 16:41:46 [TUniServerModule]:Start Path = D:\WorkSpace\UniSaraly\
PuniSalary2023.exe: 00005FBC: 16:41:46 [TUniServerModule]:Starting HTTP Server on Port: 8077...
PuniSalary2023.exe: 00005FBC: 16:41:46 [TUniServerModule]:HTTP Server Started on Port: 8077
PuniSalary2023.exe: 00002B74: 16:41:51 [127.0.0.1]:EUniSessionException : Invalid session or session Timeout. (Session not found: pAkVej5HiE10B17B183 ) : Addr: $007FF1E7
PuniSalary2023.exe: 00005FBC: 16:48:11 [TUniServerModule]:Shutting Down Server.
PuniSalary2023.exe: 00005FBC: 16:48:11 [TUniServerModule]:Stopping HTTP Server.
PuniSalary2023.exe: 00005FBC: 16:48:12 [TUniServerModule]:HTTP Server Stopped.
PuniSalary2023.exe: 00005FBC: 16:48:12 [TUniGUISessionManager]:Terminating Session manager.
PuniSalary2023.exe: 00005FBC: 16:48:12 [TUniGUISessionManager]:Stopping Cache Eraser...
PuniSalary2023.exe: 00005FBC: 16:48:12 [TUniGUISessionManager]:Cache Eraser Stopped.
PuniSalary2023.exe: 00005FBC: 16:48:12 [TUniGUISessionManager]:Destroying Worker Threads.
PuniSalary2023.exe: 00005FBC: 16:48:12 [TUniGUISessionManager]:Session manager terminated.
PuniSalary2023.exe: 00005FBC: 16:48:12 [TUniServerModule]:Server Shutdown Completed.
PuniSalary2023.exe: 00005FBC: 16:48:12 []:<-------------------------------------------------------------->
PuniSalary2023.exe: 00005FBC: 16:48:12 [Terminated]:Exit Code: 0
PuniSalary2023.exe: 000056D0: 16:48:26 []:>--------------------------------------------------------------<
PuniSalary2023.exe: 000056D0: 16:48:26 [TUniServerModule]:Server First Init.
PuniSalary2023.exe: 000056D0: 16:48:26 [TUniServerModule]:Start Path = D:\WorkSpace\UniSaraly\
PuniSalary2023.exe: 000056D0: 16:48:26 [TUniGUISessionManager]:Cache erase job created, Folder count: [1]
PuniSalary2023.exe: 000056D0: 16:48:26 [TUniServerModule]:Starting HTTP Server on Port: 8077...
PuniSalary2023.exe: 000056D0: 16:48:26 [TUniServerModule]:HTTP Server Started on Port: 8077
PuniSalary2023.exe: 0000157C: 16:48:29 [127.0.0.1]:EUniSessionException : Invalid session or session Timeout. (Session not found: xEWq3zNOz510B17B205 ) : Addr: $007FF1E7
PuniSalary2023.exe: 000056D0: 16:52:30 [TUniServerModule]:Shutting Down Server.
PuniSalary2023.exe: 000056D0: 16:52:30 [TUniServerModule]:Stopping HTTP Server.
PuniSalary2023.exe: 000056D0: 16:52:31 [TUniServerModule]:HTTP Server Stopped.
PuniSalary2023.exe: 000056D0: 16:52:31 [TUniGUISessionManager]:Terminating Session manager.
PuniSalary2023.exe: 000056D0: 16:52:31 [TUniGUISessionManager]:Stopping Cache Eraser...
PuniSalary2023.exe: 000056D0: 16:52:31 [TUniGUISessionManager]:Cache Eraser Stopped.
PuniSalary2023.exe: 000056D0: 16:52:31 [TUniGUISessionManager]:Destroying Worker Threads.
PuniSalary2023.exe: 000056D0: 16:52:31 [TUniGUISessionManager]:Session manager terminated.
PuniSalary2023.exe: 000056D0: 16:52:31 [TUniServerModule]:Server Shutdown Completed.
PuniSalary2023.exe: 000056D0: 16:52:31 []:<-------------------------------------------------------------->
PuniSalary2023.exe: 000056D0: 16:52:31 [Terminated]:Exit Code: 0
PuniSalary2023.exe: 0000025C: 16:52:34 []:>--------------------------------------------------------------<
PuniSalary2023.exe: 0000025C: 16:52:34 [TUniServerModule]:Server First Init.
PuniSalary2023.exe: 0000025C: 16:52:34 [TUniServerModule]:Start Path = D:\WorkSpace\UniSaraly\
PuniSalary2023.exe: 0000025C: 16:52:34 [TUniGUISessionManager]:Cache erase job created, Folder count: [1]
PuniSalary2023.exe: 0000025C: 16:52:34 [TUniServerModule]:Starting HTTP Server on Port: 8077...
PuniSalary2023.exe: 0000025C: 16:52:34 [TUniServerModule]:HTTP Server Started on Port: 8077
PuniSalary2023.exe: 000059A8: 16:52:37 [127.0.0.1]:EUniSessionException : Invalid session or session Timeout. (Session not found: kemvpGIMTm10B17B3D2 ) : Addr: $007FF1E7
PuniSalary2023.exe: 0000025C: 16:53:49 [TUniServerModule]:Shutting Down Server.
PuniSalary2023.exe: 0000025C: 16:53:49 [TUniServerModule]:Stopping HTTP Server.
PuniSalary2023.exe: 0000025C: 16:53:50 [TUniServerModule]:HTTP Server Stopped.
PuniSalary2023.exe: 0000025C: 16:53:50 [TUniGUISessionManager]:Terminating Session manager.
PuniSalary2023.exe: 0000025C: 16:53:50 [TUniGUISessionManager]:Stopping Cache Eraser...
PuniSalary2023.exe: 0000025C: 16:53:50 [TUniGUISessionManager]:Cache Eraser Stopped.
PuniSalary2023.exe: 0000025C: 16:53:50 [TUniGUISessionManager]:Destroying Worker Threads.
PuniSalary2023.exe: 0000025C: 16:53:50 [TUniGUISessionManager]:Session manager terminated.
PuniSalary2023.exe: 0000025C: 16:53:50 [TUniServerModule]:Server Shutdown Completed.
PuniSalary2023.exe: 0000025C: 16:53:50 []:<-------------------------------------------------------------->
PuniSalary2023.exe: 0000025C: 16:53:50 [Terminated]:Exit Code: 0
PuniSalary2023.exe: 00001F94: 16:53:52 []:>--------------------------------------------------------------<
PuniSalary2023.exe: 00001F94: 16:53:52 [TUniServerModule]:Server First Init.
PuniSalary2023.exe: 00001F94: 16:53:52 [TUniServerModule]:Start Path = D:\WorkSpace\UniSaraly\
PuniSalary2023.exe: 00001F94: 16:53:52 [TUniGUISessionManager]:Cache erase job created, Folder count: [1]
PuniSalary2023.exe: 00001F94: 16:53:52 [TUniServerModule]:Starting HTTP Server on Port: 8077...
PuniSalary2023.exe: 00001F94: 16:53:52 [TUniServerModule]:HTTP Server Started on Port: 8077
PuniSalary2023.exe: 00001F94: 16:55:40 [TUniServerModule]:Shutting Down Server.
PuniSalary2023.exe: 00001F94: 16:55:40 [TUniServerModule]:Stopping HTTP Server.
PuniSalary2023.exe: 00001F94: 16:55:41 [TUniServerModule]:HTTP Server Stopped.
PuniSalary2023.exe: 00001F94: 16:55:41 [TUniGUISessionManager]:Terminating Session manager.
PuniSalary2023.exe: 00001F94: 16:55:41 [TUniGUISessionManager]:Stopping Cache Eraser...
PuniSalary2023.exe: 00001F94: 16:55:41 [TUniGUISessionManager]:Cache Eraser Stopped.
PuniSalary2023.exe: 00001F94: 16:55:41 [TUniGUISessionManager]:Destroying Worker Threads.
PuniSalary2023.exe: 00001F94: 16:55:41 [TUniGUISessionManager]:Session manager terminated.
PuniSalary2023.exe: 00001F94: 16:55:41 [TUniServerModule]:Server Shutdown Completed.
PuniSalary2023.exe: 00001F94: 16:55:41 []:<-------------------------------------------------------------->
PuniSalary2023.exe: 00001F94: 16:55:41 [Terminated]:Exit Code: 0
PuniSalary2023.exe: 00001B1C: 16:55:43 []:>--------------------------------------------------------------<
PuniSalary2023.exe: 00001B1C: 16:55:43 [TUniServerModule]:Server First Init.
PuniSalary2023.exe: 00001B1C: 16:55:43 [TUniServerModule]:Start Path = D:\WorkSpace\UniSaraly\
PuniSalary2023.exe: 00001B1C: 16:55:43 [TUniGUISessionManager]:Cache erase job created, Folder count: [1]
PuniSalary2023.exe: 00001B1C: 16:55:43 [TUniServerModule]:Starting HTTP Server on Port: 8077...
PuniSalary2023.exe: 00001B1C: 16:55:43 [TUniServerModule]:HTTP Server Started on Port: 8077
PuniSalary2023.exe: 00004554: 16:55:47 [127.0.0.1]:EUniSessionException : Invalid session or session Timeout. (Session not found: zDDm9qZqQ510B17B551 ) : Addr: $007FF1E7
PuniSalary2023.exe: 00001B1C: 16:57:18 [TUniServerModule]:Shutting Down Server.
PuniSalary2023.exe: 00001B1C: 16:57:18 [TUniServerModule]:Stopping HTTP Server.
PuniSalary2023.exe: 00001B1C: 16:57:19 [TUniServerModule]:HTTP Server Stopped.
PuniSalary2023.exe: 00001B1C: 16:57:19 [TUniGUISessionManager]:Terminating Session manager.
PuniSalary2023.exe: 00001B1C: 16:57:19 [TUniGUISessionManager]:Stopping Cache Eraser...
PuniSalary2023.exe: 00001B1C: 16:57:19 [TUniGUISessionManager]:Cache Eraser Stopped.
PuniSalary2023.exe: 00001B1C: 16:57:19 [TUniGUISessionManager]:Destroying Worker Threads.
PuniSalary2023.exe: 00001B1C: 16:57:19 [TUniGUISessionManager]:Session manager terminated.
PuniSalary2023.exe: 00001B1C: 16:57:19 [TUniServerModule]:Server Shutdown Completed.
PuniSalary2023.exe: 00001B1C: 16:57:19 []:<-------------------------------------------------------------->
PuniSalary2023.exe: 00001B1C: 16:57:19 [Terminated]:Exit Code: 0
PuniSalary2023.exe: 00004074: 16:57:22 []:>--------------------------------------------------------------<
PuniSalary2023.exe: 00004074: 16:57:22 [TUniServerModule]:Server First Init.
PuniSalary2023.exe: 00004074: 16:57:22 [TUniServerModule]:Start Path = D:\WorkSpace\UniSaraly\
PuniSalary2023.exe: 00004074: 16:57:22 [TUniGUISessionManager]:Cache erase job created, Folder count: [1]
PuniSalary2023.exe: 00004074: 16:57:22 [TUniServerModule]:Starting HTTP Server on Port: 8077...
PuniSalary2023.exe: 00004074: 16:57:22 [TUniServerModule]:HTTP Server Started on Port: 8077
PuniSalary2023.exe: 0000432C: 16:57:24 [127.0.0.1]:EUniSessionException : Invalid session or session Timeout. (Session not found: cxhPqaZoVv10B17B5CD ) : Addr: $007FF1E7
PuniSalary2023.exe: 00004074: 16:59:54 [TUniServerModule]:Shutting Down Server.
PuniSalary2023.exe: 00004074: 16:59:54 [TUniServerModule]:Stopping HTTP Server.
PuniSalary2023.exe: 00004074: 16:59:55 [TUniServerModule]:HTTP Server Stopped.
PuniSalary2023.exe: 00004074: 16:59:55 [TUniGUISessionManager]:Terminating Session manager.
PuniSalary2023.exe: 00004074: 16:59:55 [TUniGUISessionManager]:Stopping Cache Eraser...
PuniSalary2023.exe: 00004074: 16:59:55 [TUniGUISessionManager]:Cache Eraser Stopped.
PuniSalary2023.exe: 00004074: 16:59:55 [TUniGUISessionManager]:Destroying Worker Threads.
PuniSalary2023.exe: 00004074: 16:59:55 [TUniGUISessionManager]:Session manager terminated.
PuniSalary2023.exe: 00004074: 16:59:56 [TUniServerModule]:Server Shutdown Completed.
PuniSalary2023.exe: 00004074: 16:59:56 []:<-------------------------------------------------------------->
PuniSalary2023.exe: 00004074: 16:59:56 [Terminated]:Exit Code: 0
PuniSalary2023.exe: 00005E20: 16:59:58 []:>--------------------------------------------------------------<
PuniSalary2023.exe: 00005E20: 16:59:58 [TUniServerModule]:Server First Init.
PuniSalary2023.exe: 00005E20: 16:59:58 [TUniServerModule]:Start Path = D:\WorkSpace\UniSaraly\
PuniSalary2023.exe: 00005E20: 16:59:58 [TUniGUISessionManager]:Cache erase job created, Folder count: [1]
PuniSalary2023.exe: 00005E20: 16:59:58 [TUniServerModule]:Starting HTTP Server on Port: 8077...
PuniSalary2023.exe: 00005E20: 16:59:58 [TUniServerModule]:HTTP Server Started on Port: 8077
PuniSalary2023.exe: 00002C0C: 17:00:03 [127.0.0.1]:EUniSessionException : Invalid session or session Timeout. (Session not found: HQfNprENog10B17B647 ) : Addr: $007FF1E7
PuniSalary2023.exe: 00005E20: 17:10:42 [TUniServerModule]:Shutting Down Server.
PuniSalary2023.exe: 00005E20: 17:10:42 [TUniServerModule]:Stopping HTTP Server.
PuniSalary2023.exe: 00005E20: 17:10:43 [TUniServerModule]:HTTP Server Stopped.
PuniSalary2023.exe: 00005E20: 17:10:43 [TUniGUISessionManager]:Terminating Session manager.
PuniSalary2023.exe: 00005E20: 17:10:44 [TUniGUISessionManager]:Stopping Cache Eraser...
PuniSalary2023.exe: 00005E20: 17:10:44 [TUniGUISessionManager]:Cache Eraser Stopped.
PuniSalary2023.exe: 00005E20: 17:10:44 [TUniGUISessionManager]:Destroying Worker Threads.
PuniSalary2023.exe: 00005E20: 17:10:44 [TUniGUISessionManager]:Session manager terminated.
PuniSalary2023.exe: 00005E20: 17:10:44 [TUniServerModule]:Server Shutdown Completed.
PuniSalary2023.exe: 00005E20: 17:10:44 []:<-------------------------------------------------------------->
PuniSalary2023.exe: 00005E20: 17:10:44 [Terminated]:Exit Code: 0
PuniSalary2023.exe: 00005118: 17:10:45 []:>--------------------------------------------------------------<
PuniSalary2023.exe: 00005118: 17:10:45 [TUniServerModule]:Server First Init.
PuniSalary2023.exe: 00005118: 17:10:45 [TUniServerModule]:Start Path = D:\WorkSpace\UniSaraly\
PuniSalary2023.exe: 00005118: 17:10:45 [TUniGUISessionManager]:Cache erase job created, Folder count: [1]
PuniSalary2023.exe: 00005118: 17:10:45 [TUniServerModule]:Starting HTTP Server on Port: 8077...
PuniSalary2023.exe: 00005118: 17:10:45 [TUniServerModule]:HTTP Server Started on Port: 8077
PuniSalary2023.exe: 00004E8C: 17:11:11 [127.0.0.1]:EUniSessionException : Invalid session or session Timeout. (Session not found: 78HmLhCQGL10B17B6F6 ) : Addr: $007FF1E7
PuniSalary2023.exe: 0000059C: 17:20:45 [127.0.0.1]:EUniSessionException : Invalid session or session Timeout. (Session not found: tA5XcmoVTZ10B17B4F1 ) : Addr: $007FF1E7
PuniSalary2023.exe: 0000046C: 17:25:02 [127.0.0.1]:EConvertError : 'ภภภ' is not a valid floating point value : Addr: $0042A5D2
PuniSalary2023.exe: 00005118: 17:35:15 [TUniServerModule]:Shutting Down Server.
PuniSalary2023.exe: 00005118: 17:35:15 [TUniServerModule]:Stopping HTTP Server.
PuniSalary2023.exe: 00005118: 17:35:16 [TUniServerModule]:HTTP Server Stopped.
PuniSalary2023.exe: 00005118: 17:35:16 [TUniGUISessionManager]:Terminating Session manager.
PuniSalary2023.exe: 00005118: 17:35:16 [TUniGUISessionManager]:Stopping Cache Eraser...
PuniSalary2023.exe: 00005118: 17:35:16 [TUniGUISessionManager]:Cache Eraser Stopped.
PuniSalary2023.exe: 00005118: 17:35:16 [TUniGUISessionManager]:Destroying Worker Threads.
PuniSalary2023.exe: 00005118: 17:35:16 [TUniGUISessionManager]:Session manager terminated.
PuniSalary2023.exe: 00005118: 17:35:16 [TUniServerModule]:Server Shutdown Completed.
PuniSalary2023.exe: 00005118: 17:35:16 []:<-------------------------------------------------------------->
PuniSalary2023.exe: 00005118: 17:35:16 [Terminated]:Exit Code: 0
PuniSalary2023.exe: 00000D64: 17:35:22 []:>--------------------------------------------------------------<
PuniSalary2023.exe: 00000D64: 17:35:22 [TUniServerModule]:Server First Init.
PuniSalary2023.exe: 00000D64: 17:35:22 [TUniServerModule]:Start Path = D:\WorkSpace\UniSaraly\
PuniSalary2023.exe: 00000D64: 17:35:22 [TUniGUISessionManager]:Cache erase job created, Folder count: [1]
PuniSalary2023.exe: 00000D64: 17:35:22 [TUniServerModule]:Starting HTTP Server on Port: 8077...
PuniSalary2023.exe: 00000D64: 17:35:22 [TUniServerModule]:HTTP Server Started on Port: 8077
PuniSalary2023.exe: 000046AC: 17:35:26 [127.0.0.1]:EUniSessionException : Invalid session or session Timeout. (Session not found: YA21wyKfHv10B17BC94 ) : Addr: $007FF1E7
PuniSalary2023.exe: 000026EC: 17:36:03 [TUniThreadTimer.OnTimer]:EAccessViolation : Access violation at address 007C7818 in module 'PuniSalary2023.exe'. Read of address 00000064 : Addr: $007C7818
PuniSalary2023.exe: 00000D64: 17:36:50 [TUniServerModule]:Shutting Down Server.
PuniSalary2023.exe: 00000D64: 17:36:50 [TUniServerModule]:Stopping HTTP Server.
PuniSalary2023.exe: 00000D64: 17:36:51 [TUniServerModule]:HTTP Server Stopped.
PuniSalary2023.exe: 00000D64: 17:36:51 [TUniGUISessionManager]:Terminating Session manager.
PuniSalary2023.exe: 00000D64: 17:36:51 [TUniGUISessionManager]:Stopping Cache Eraser...
PuniSalary2023.exe: 00000D64: 17:36:51 [TUniGUISessionManager]:Cache Eraser Stopped.
PuniSalary2023.exe: 00000D64: 17:36:51 [TUniGUISessionManager]:Destroying Worker Threads.
PuniSalary2023.exe: 00000D64: 17:36:51 [TUniGUISessionManager]:Session manager terminated.
PuniSalary2023.exe: 00000D64: 17:36:51 [TUniServerModule]:Server Shutdown Completed.
PuniSalary2023.exe: 00000D64: 17:36:51 []:<-------------------------------------------------------------->
PuniSalary2023.exe: 00000D64: 17:36:51 [Terminated]:Exit Code: 0
PuniSalary2023.exe: 00001188: 17:36:56 []:>--------------------------------------------------------------<
PuniSalary2023.exe: 00001188: 17:36:56 [TUniServerModule]:Server First Init.
PuniSalary2023.exe: 00001188: 17:36:56 [TUniServerModule]:Start Path = D:\WorkSpace\UniSaraly\
PuniSalary2023.exe: 00001188: 17:36:56 [TUniGUISessionManager]:Cache erase job created, Folder count: [1]
PuniSalary2023.exe: 00001188: 17:36:56 [TUniServerModule]:Starting HTTP Server on Port: 8077...
PuniSalary2023.exe: 00001188: 17:36:56 [TUniServerModule]:HTTP Server Started on Port: 8077
PuniSalary2023.exe: 00000F1C: 17:37:42 [127.0.0.1]:EUniSessionException : Invalid session or session Timeout. (Session not found: MMulXHzj4Y10B17B9FC ) : Addr: $007FF1E7
PuniSalary2023.exe: 00000778: 17:38:11 [TUniThreadTimer.OnTimer]:EAccessViolation : Access violation at address 007C7818 in module 'PuniSalary2023.exe'. Read of address 00000064 : Addr: $007C7818
PuniSalary2023.exe: 00001188: 17:38:59 [TUniServerModule]:Shutting Down Server.
PuniSalary2023.exe: 00001188: 17:38:59 [TUniServerModule]:Stopping HTTP Server.
PuniSalary2023.exe: 00001188: 17:39:00 [TUniServerModule]:HTTP Server Stopped.
PuniSalary2023.exe: 00001188: 17:39:00 [TUniGUISessionManager]:Terminating Session manager.
PuniSalary2023.exe: 00001188: 17:39:00 [TUniGUISessionManager]:Stopping Cache Eraser...
PuniSalary2023.exe: 00001188: 17:39:00 [TUniGUISessionManager]:Cache Eraser Stopped.
PuniSalary2023.exe: 00001188: 17:39:00 [TUniGUISessionManager]:Destroying Worker Threads.
PuniSalary2023.exe: 00001188: 17:39:00 [TUniGUISessionManager]:Session manager terminated.
PuniSalary2023.exe: 00001188: 17:39:00 [TUniServerModule]:Server Shutdown Completed.
PuniSalary2023.exe: 00001188: 17:39:00 []:<-------------------------------------------------------------->
PuniSalary2023.exe: 00001188: 17:39:00 [Terminated]:Exit Code: 0
PuniSalary2023.exe: 00004F28: 17:39:17 []:>--------------------------------------------------------------<
PuniSalary2023.exe: 00004F28: 17:39:17 [TUniServerModule]:Server First Init.
PuniSalary2023.exe: 00004F28: 17:39:17 [TUniServerModule]:Start Path = D:\WorkSpace\UniSaraly\
PuniSalary2023.exe: 00004F28: 17:39:17 [TUniGUISessionManager]:Cache erase job created, Folder count: [1]
PuniSalary2023.exe: 00004F28: 17:39:17 [TUniServerModule]:Starting HTTP Server on Port: 8077...
PuniSalary2023.exe: 00004F28: 17:39:17 [TUniServerModule]:HTTP Server Started on Port: 8077
PuniSalary2023.exe: 00005574: 17:39:19 [127.0.0.1]:EUniSessionException : Invalid session or session Timeout. (Session not found: cdFFIzhCpf10B17C12E ) : Addr: $007FF1E7
PuniSalary2023.exe: 00005574: 17:39:19 [127.0.0.1]:EUniSessionException : Invalid session or session Timeout. (Session not found: cdFFIzhCpf10B17C12E ) : Addr: $007FF1E7
PuniSalary2023.exe: 0000535C: 17:40:20 [127.0.0.1]:EUniSessionException : Invalid session or session Timeout. (Session not found: gwRTUstvXq10B17AF93 ) : Addr: $007FF1E7
PuniSalary2023.exe: 0000535C: 17:40:20 [127.0.0.1]:EUniSessionException : Invalid session or session Timeout. (Session not found: TJUCmN2Qiq10B17C090 ) : Addr: $007FF1E7
PuniSalary2023.exe: 00004F28: 17:41:34 [TUniServerModule]:Shutting Down Server.
PuniSalary2023.exe: 00004F28: 17:41:34 [TUniServerModule]:Stopping HTTP Server.
PuniSalary2023.exe: 00004F28: 17:41:34 [TUniServerModule]:HTTP Server Stopped.
PuniSalary2023.exe: 00004F28: 17:41:34 [TUniGUISessionManager]:Terminating Session manager.
PuniSalary2023.exe: 00004F28: 17:41:34 [TUniGUISessionManager]:Stopping Cache Eraser...
PuniSalary2023.exe: 00004F28: 17:41:35 [TUniGUISessionManager]:Cache Eraser Stopped.
PuniSalary2023.exe: 00004F28: 17:41:35 [TUniGUISessionManager]:Destroying Worker Threads.
PuniSalary2023.exe: 00004F28: 17:41:35 [TUniGUISessionManager]:Session manager terminated.
PuniSalary2023.exe: 00004F28: 17:41:35 [TUniServerModule]:Server Shutdown Completed.
PuniSalary2023.exe: 00004F28: 17:41:35 []:<-------------------------------------------------------------->
PuniSalary2023.exe: 00004F28: 17:41:35 [Terminated]:Exit Code: 0
PuniSalary2023.exe: 00001580: 17:41:37 []:>--------------------------------------------------------------<
PuniSalary2023.exe: 00001580: 17:41:37 [TUniServerModule]:Server First Init.
PuniSalary2023.exe: 00001580: 17:41:37 [TUniServerModule]:Start Path = D:\WorkSpace\UniSaraly\
PuniSalary2023.exe: 00001580: 17:41:37 [TUniServerModule]:Starting HTTP Server on Port: 8077...
PuniSalary2023.exe: 00001580: 17:41:37 [TUniServerModule]:HTTP Server Started on Port: 8077
PuniSalary2023.exe: 00001580: 17:43:13 [TUniServerModule]:Shutting Down Server.
PuniSalary2023.exe: 00001580: 17:43:13 [TUniServerModule]:Stopping HTTP Server.
PuniSalary2023.exe: 00001580: 17:43:14 [TUniServerModule]:HTTP Server Stopped.
PuniSalary2023.exe: 00001580: 17:43:14 [TUniGUISessionManager]:Terminating Session manager.
PuniSalary2023.exe: 00001580: 17:43:14 [TUniGUISessionManager]:Stopping Cache Eraser...
PuniSalary2023.exe: 00001580: 17:43:14 [TUniGUISessionManager]:Cache Eraser Stopped.
PuniSalary2023.exe: 00001580: 17:43:14 [TUniGUISessionManager]:Destroying Worker Threads.
PuniSalary2023.exe: 00001580: 17:43:14 [TUniGUISessionManager]:Session manager terminated.
PuniSalary2023.exe: 00001580: 17:43:14 [TUniServerModule]:Server Shutdown Completed.
PuniSalary2023.exe: 00001580: 17:43:14 []:<-------------------------------------------------------------->
PuniSalary2023.exe: 00001580: 17:43:14 [Terminated]:Exit Code: 0
PuniSalary2023.exe: 0000271C: 17:43:17 []:>--------------------------------------------------------------<
PuniSalary2023.exe: 0000271C: 17:43:17 [TUniServerModule]:Server First Init.
PuniSalary2023.exe: 0000271C: 17:43:17 [TUniServerModule]:Start Path = D:\WorkSpace\UniSaraly\
PuniSalary2023.exe: 0000271C: 17:43:17 [TUniGUISessionManager]:Cache erase job created, Folder count: [1]
PuniSalary2023.exe: 0000271C: 17:43:17 [TUniServerModule]:Starting HTTP Server on Port: 8077...
PuniSalary2023.exe: 0000271C: 17:43:17 [TUniServerModule]:HTTP Server Started on Port: 8077
PuniSalary2023.exe: 00005E18: 17:43:23 [127.0.0.1]:EUniSessionException : Invalid session or session Timeout. (Session not found: BIyUtAZyUc10B17C258 ) : Addr: $007FF1E7
PuniSalary2023.exe: 0000271C: 17:45:34 [TUniServerModule]:Shutting Down Server.
PuniSalary2023.exe: 0000271C: 17:45:34 [TUniServerModule]:Stopping HTTP Server.
PuniSalary2023.exe: 0000271C: 17:45:35 [TUniServerModule]:HTTP Server Stopped.
PuniSalary2023.exe: 0000271C: 17:45:35 [TUniGUISessionManager]:Terminating Session manager.
PuniSalary2023.exe: 0000271C: 17:45:35 [TUniGUISessionManager]:Stopping Cache Eraser...
PuniSalary2023.exe: 0000271C: 17:45:35 [TUniGUISessionManager]:Cache Eraser Stopped.
PuniSalary2023.exe: 0000271C: 17:45:35 [TUniGUISessionManager]:Destroying Worker Threads.
PuniSalary2023.exe: 0000271C: 17:45:35 [TUniGUISessionManager]:Session manager terminated.
PuniSalary2023.exe: 0000271C: 17:45:35 [TUniServerModule]:Server Shutdown Completed.
PuniSalary2023.exe: 0000271C: 17:45:35 []:<-------------------------------------------------------------->
PuniSalary2023.exe: 0000271C: 17:45:35 [Terminated]:Exit Code: 0
PuniSalary2023.exe: 00004B68: 17:46:15 []:>--------------------------------------------------------------<
PuniSalary2023.exe: 00004B68: 17:46:15 [TUniServerModule]:Server First Init.
PuniSalary2023.exe: 00004B68: 17:46:15 [TUniServerModule]:Start Path = D:\WorkSpace\UniSaraly\
PuniSalary2023.exe: 00004B68: 17:46:15 [TUniGUISessionManager]:Cache erase job created, Folder count: [1]
PuniSalary2023.exe: 00004B68: 17:46:15 [TUniServerModule]:Starting HTTP Server on Port: 8077...
PuniSalary2023.exe: 00004B68: 17:46:15 [TUniServerModule]:HTTP Server Started on Port: 8077
PuniSalary2023.exe: 00004B68: 17:55:02 [TUniServerModule]:Shutting Down Server.
PuniSalary2023.exe: 00004B68: 17:55:02 [TUniServerModule]:Stopping HTTP Server.
PuniSalary2023.exe: 00004B68: 17:55:02 [TUniServerModule]:HTTP Server Stopped.
PuniSalary2023.exe: 00004B68: 17:55:02 [TUniGUISessionManager]:Terminating Session manager.
PuniSalary2023.exe: 00004B68: 17:55:02 [TUniGUISessionManager]:Stopping Cache Eraser...
PuniSalary2023.exe: 00004B68: 17:55:02 [TUniGUISessionManager]:Cache Eraser Stopped.
PuniSalary2023.exe: 00004B68: 17:55:02 [TUniGUISessionManager]:Destroying Worker Threads.
PuniSalary2023.exe: 00004B68: 17:55:02 [TUniGUISessionManager]:Session manager terminated.
PuniSalary2023.exe: 00004B68: 17:55:02 [TUniServerModule]:Server Shutdown Completed.
PuniSalary2023.exe: 00004B68: 17:55:02 []:<-------------------------------------------------------------->
PuniSalary2023.exe: 00004B68: 17:55:02 [Terminated]:Exit Code: 0
PuniSalary2023.exe: 000009D0: 17:56:15 []:>--------------------------------------------------------------<
PuniSalary2023.exe: 000009D0: 17:56:15 [TUniServerModule]:Server First Init.
PuniSalary2023.exe: 000009D0: 17:56:15 [TUniServerModule]:Start Path = D:\WorkSpace\UniSaraly\
PuniSalary2023.exe: 000009D0: 17:56:15 [TUniGUISessionManager]:Cache erase job created, Folder count: [1]
PuniSalary2023.exe: 000009D0: 17:56:15 [TUniServerModule]:Starting HTTP Server on Port: 8077...
PuniSalary2023.exe: 000009D0: 17:56:15 [TUniServerModule]:HTTP Server Started on Port: 8077
PuniSalary2023.exe: 0000078C: 17:56:21 [127.0.0.1]:EUniSessionException : Invalid session or session Timeout. (Session not found: Jev3jOrQSG10B17C37E ) : Addr: $007FF1E7
PuniSalary2023.exe: 000009D0: 17:59:17 [TUniServerModule]:Shutting Down Server.
PuniSalary2023.exe: 000009D0: 17:59:17 [TUniServerModule]:Stopping HTTP Server.
PuniSalary2023.exe: 000009D0: 17:59:18 [TUniServerModule]:HTTP Server Stopped.
PuniSalary2023.exe: 000009D0: 17:59:18 [TUniGUISessionManager]:Terminating Session manager.
PuniSalary2023.exe: 000009D0: 17:59:18 [TUniGUISessionManager]:Stopping Cache Eraser...
PuniSalary2023.exe: 000009D0: 17:59:18 [TUniGUISessionManager]:Cache Eraser Stopped.
PuniSalary2023.exe: 000009D0: 17:59:18 [TUniGUISessionManager]:Destroying Worker Threads.
PuniSalary2023.exe: 000009D0: 17:59:18 [TUniGUISessionManager]:Session manager terminated.
PuniSalary2023.exe: 000009D0: 17:59:18 [TUniServerModule]:Server Shutdown Completed.
PuniSalary2023.exe: 000009D0: 17:59:18 []:<-------------------------------------------------------------->
PuniSalary2023.exe: 000009D0: 17:59:18 [Terminated]:Exit Code: 0
PuniSalary2023.exe: 000053E0: 17:59:25 []:>--------------------------------------------------------------<
PuniSalary2023.exe: 000053E0: 17:59:25 [TUniServerModule]:Server First Init.
PuniSalary2023.exe: 000053E0: 17:59:25 [TUniServerModule]:Start Path = D:\WorkSpace\UniSaraly\
PuniSalary2023.exe: 000053E0: 17:59:25 [TUniGUISessionManager]:Cache erase job created, Folder count: [1]
PuniSalary2023.exe: 000053E0: 17:59:26 [TUniServerModule]:Starting HTTP Server on Port: 8077...
PuniSalary2023.exe: 000053E0: 17:59:26 [TUniServerModule]:HTTP Server Started on Port: 8077
PuniSalary2023.exe: 00003B88: 17:59:42 [127.0.0.1]:EUniSessionException : Invalid session or session Timeout. (Session not found: deo8ShHf7b10B17C63C ) : Addr: $007FF1E7
PuniSalary2023.exe: 000053E0: 18:34:57 [TUniServerModule]:Shutting Down Server.
PuniSalary2023.exe: 000053E0: 18:34:57 [TUniServerModule]:Stopping HTTP Server.
PuniSalary2023.exe: 000053E0: 18:34:58 [TUniServerModule]:HTTP Server Stopped.
PuniSalary2023.exe: 000053E0: 18:34:58 [TUniGUISessionManager]:Terminating Session manager.
PuniSalary2023.exe: 000053E0: 18:34:58 [TUniGUISessionManager]:Stopping Cache Eraser...
PuniSalary2023.exe: 000053E0: 18:34:58 [TUniGUISessionManager]:Cache Eraser Stopped.
PuniSalary2023.exe: 000053E0: 18:34:58 [TUniGUISessionManager]:Destroying Worker Threads.
PuniSalary2023.exe: 000053E0: 18:34:58 [TUniGUISessionManager]:Session manager terminated.
PuniSalary2023.exe: 000053E0: 18:34:58 [TUniServerModule]:Server Shutdown Completed.
PuniSalary2023.exe: 000053E0: 18:34:58 []:<-------------------------------------------------------------->
PuniSalary2023.exe: 000053E0: 18:34:58 [Terminated]:Exit Code: 0
PuniSalary2023.exe: 00005AD8: 18:35:01 []:>--------------------------------------------------------------<
PuniSalary2023.exe: 00005AD8: 18:35:01 [TUniServerModule]:Server First Init.
PuniSalary2023.exe: 00005AD8: 18:35:01 [TUniServerModule]:Start Path = D:\WorkSpace\UniSaraly\
PuniSalary2023.exe: 00005AD8: 18:35:02 [TUniServerModule]:Starting HTTP Server on Port: 8077...
PuniSalary2023.exe: 00005AD8: 18:35:02 [TUniServerModule]:HTTP Server Started on Port: 8077
PuniSalary2023.exe: 00002730: 18:35:20 [HandleFileRequest[127.0.0.1]]:File not found: D:\WorkSpace\UniSaraly\favicon.ico
PuniSalary2023.exe: 00005AD8: 19:41:56 [TUniServerModule]:Shutting Down Server.
PuniSalary2023.exe: 00005AD8: 19:41:56 [TUniServerModule]:Stopping HTTP Server.
PuniSalary2023.exe: 00005AD8: 19:41:57 [TUniServerModule]:HTTP Server Stopped.
PuniSalary2023.exe: 00005AD8: 19:41:57 [TUniGUISessionManager]:Terminating Session manager.
PuniSalary2023.exe: 00005AD8: 19:41:57 [TUniGUISessionManager]:Stopping Cache Eraser...
PuniSalary2023.exe: 00005AD8: 19:41:57 [TUniGUISessionManager]:Cache Eraser Stopped.
PuniSalary2023.exe: 00005AD8: 19:41:57 [TUniGUISessionManager]:Destroying Worker Threads.
PuniSalary2023.exe: 00005AD8: 19:41:57 [TUniGUISessionManager]:Session manager terminated.
PuniSalary2023.exe: 00005AD8: 19:41:57 [TUniServerModule]:Server Shutdown Completed.
PuniSalary2023.exe: 00005AD8: 19:41:57 []:<-------------------------------------------------------------->
PuniSalary2023.exe: 00005AD8: 19:41:57 [Terminated]:Exit Code: 0
PuniSalary2023.exe: 000047A0: 19:42:03 []:>--------------------------------------------------------------<
PuniSalary2023.exe: 000047A0: 19:42:03 [TUniServerModule]:Server First Init.
PuniSalary2023.exe: 000047A0: 19:42:03 [TUniServerModule]:Start Path = D:\WorkSpace\UniSaraly\
PuniSalary2023.exe: 000047A0: 19:42:03 [TUniServerModule]:Starting HTTP Server on Port: 8077...
PuniSalary2023.exe: 000047A0: 19:42:03 [TUniServerModule]:HTTP Server Started on Port: 8077
