PuniSalary2023.exe: 00003384: 15:01:17 []:>--------------------------------------------------------------<
PuniSalary2023.exe: 00003384: 15:01:17 [TUniServerModule]:Server First Init.
PuniSalary2023.exe: 00003384: 15:01:17 [TUniServerModule]:Start Path = D:\WorkSpace\UniSaraly\
PuniSalary2023.exe: 00003384: 15:01:17 [TUniGUISessionManager]:Cache erase job created, Folder count: [1]
PuniSalary2023.exe: 00003384: 15:01:17 [TUniServerModule]:Starting HTTP Server on Port: 8077...
PuniSalary2023.exe: 00003384: 15:01:17 [TUniServerModule]:HTTP Server Started on Port: 8077
PuniSalary2023.exe: 0000421C: 15:44:08 [127.0.0.1]:EUniSessionException : Invalid session or session Timeout. (Session not found: sedlz3v7Da10C62B5D2 ) : Addr: $007CAA23
PuniSalary2023.exe: 000034D0: 15:46:41 []:>--------------------------------------------------------------<
PuniSalary2023.exe: 000034D0: 15:46:41 [TUniServerModule]:Server First Init.
PuniSalary2023.exe: 000034D0: 15:46:41 [TUniServerModule]:Start Path = D:\WorkSpace\UniSaraly\
PuniSalary2023.exe: 000034D0: 15:46:41 [TUniGUISessionManager]:Cache erase job created, Folder count: [2]
PuniSalary2023.exe: 000034D0: 15:46:41 [TUniServerModule]:Starting HTTP Server on Port: 8077...
PuniSalary2023.exe: 000034D0: 15:46:41 [TUniServerModule]:HTTP Server Started on Port: 8077
PuniSalary2023.exe: 00004090: 15:58:46 [127.0.0.1]:EUniSessionException : Invalid session or session Timeout. (Session not found: sgHkSdAt7C10C62C000 ) : Addr: $007CAA23
PuniSalary2023.exe: 00003CAC: 16:11:33 []:>--------------------------------------------------------------<
PuniSalary2023.exe: 00003CAC: 16:11:33 [TUniServerModule]:Server First Init.
PuniSalary2023.exe: 00003CAC: 16:11:33 [TUniServerModule]:Start Path = D:\WorkSpace\UniSaraly\
PuniSalary2023.exe: 00003CAC: 16:11:33 [TUniGUISessionManager]:Cache erase job created, Folder count: [1]
PuniSalary2023.exe: 00003CAC: 16:11:33 [TUniServerModule]:Starting HTTP Server on Port: 8077...
PuniSalary2023.exe: 00003CAC: 16:11:33 [TUniServerModule]:HTTP Server Started on Port: 8077
PuniSalary2023.exe: 000053F4: 16:13:49 [127.0.0.1]:EUniSessionException : Invalid session or session Timeout. (Session not found: 52ZRWVh9HV10C62C3F9 ) : Addr: $007CAA23
PuniSalary2023.exe: 00003CAC: 16:44:19 [Exit]:Unexpected attempt to terminate server application with Exit Code: 0
