PuniSalary2023.exe: 00002D14: 11:57:16 []:>--------------------------------------------------------------<
PuniSalary2023.exe: 00002D14: 11:57:16 [TUniServerModule]:Server First Init.
PuniSalary2023.exe: 00002D14: 11:57:16 [TUniServerModule]:Start Path = D:\WorkSpace\UniSaraly\
PuniSalary2023.exe: 00002D14: 11:57:16 [TUniServerModule]:Starting HTTP Server on Port: 8077...
PuniSalary2023.exe: 00002D14: 11:57:16 [TUniServerModule]:HTTP Server Started on Port: 8077
PuniSalary2023.exe: 00003C40: 12:19:46 [127.0.0.1]:EUniSessionException : Invalid session or session Timeout. (Session not found: ZeQKk8dOtX10AE6913A ) : Addr: $007FF00F
PuniSalary2023.exe: 00002D14: 13:05:45 [TUniServerModule]:Shutting Down Server.
PuniSalary2023.exe: 00002D14: 13:05:45 [TUniServerModule]:Stopping HTTP Server.
PuniSalary2023.exe: 00002D14: 13:05:45 [TUniServerModule]:HTTP Server Stopped.
PuniSalary2023.exe: 00002D14: 13:05:45 [TUniGUISessionManager]:Terminating Session manager.
PuniSalary2023.exe: 00002D14: 13:05:45 [TUniGUISessionManager]:Stopping Cache Eraser...
PuniSalary2023.exe: 00002D14: 13:05:45 [TUniGUISessionManager]:Cache Eraser Stopped.
PuniSalary2023.exe: 00002D14: 13:05:45 [TUniGUISessionManager]:Destroying Worker Threads.
PuniSalary2023.exe: 00002D14: 13:05:46 [TUniGUISessionManager]:Session manager terminated.
PuniSalary2023.exe: 00002D14: 13:05:46 [TUniServerModule]:Server Shutdown Completed.
PuniSalary2023.exe: 00002D14: 13:05:46 []:<-------------------------------------------------------------->
PuniSalary2023.exe: 00002D14: 13:05:46 [Terminated]:Exit Code: 0
PuniSalary2023.exe: 000047B0: 13:06:06 []:>--------------------------------------------------------------<
PuniSalary2023.exe: 000047B0: 13:06:06 [TUniServerModule]:Server First Init.
PuniSalary2023.exe: 000047B0: 13:06:06 [TUniServerModule]:Start Path = D:\WorkSpace\UniSaraly\
PuniSalary2023.exe: 000047B0: 13:06:06 [TUniServerModule]:Starting HTTP Server on Port: 8077...
PuniSalary2023.exe: 000047B0: 13:06:06 [TUniServerModule]:HTTP Server Started on Port: 8077
PuniSalary2023.exe: 000047B0: 13:15:00 [TUniServerModule]:Shutting Down Server.
PuniSalary2023.exe: 000047B0: 13:15:00 [TUniServerModule]:Stopping HTTP Server.
PuniSalary2023.exe: 000047B0: 13:15:01 [TUniServerModule]:HTTP Server Stopped.
PuniSalary2023.exe: 000047B0: 13:15:01 [TUniGUISessionManager]:Terminating Session manager.
PuniSalary2023.exe: 000047B0: 13:15:01 [TUniGUISessionManager]:Stopping Cache Eraser...
PuniSalary2023.exe: 000047B0: 13:15:01 [TUniGUISessionManager]:Cache Eraser Stopped.
PuniSalary2023.exe: 000047B0: 13:15:01 [TUniGUISessionManager]:Destroying Worker Threads.
PuniSalary2023.exe: 000047B0: 13:15:01 [TUniGUISessionManager]:Session manager terminated.
PuniSalary2023.exe: 000047B0: 13:15:01 [TUniServerModule]:Server Shutdown Completed.
PuniSalary2023.exe: 000047B0: 13:15:01 []:<-------------------------------------------------------------->
PuniSalary2023.exe: 000047B0: 13:15:01 [Terminated]:Exit Code: 0
PuniSalary2023.exe: 00002FF8: 13:15:04 []:>--------------------------------------------------------------<
PuniSalary2023.exe: 00002FF8: 13:15:04 [TUniServerModule]:Server First Init.
PuniSalary2023.exe: 00002FF8: 13:15:04 [TUniServerModule]:Start Path = D:\WorkSpace\UniSaraly\
PuniSalary2023.exe: 00002FF8: 13:15:04 [TUniGUISessionManager]:Cache erase job created, Folder count: [1]
PuniSalary2023.exe: 00002FF8: 13:15:04 [TUniServerModule]:Starting HTTP Server on Port: 8077...
PuniSalary2023.exe: 00002FF8: 13:15:04 [TUniServerModule]:HTTP Server Started on Port: 8077
PuniSalary2023.exe: 00003C10: 13:16:48 [127.0.0.1]:EUniSessionException : Invalid session or session Timeout. (Session not found: KIMTW8CMF510AE6A3C3 ) : Addr: $007FF00F
PuniSalary2023.exe: 000032B0: 15:35:45 [127.0.0.1]:EUniSessionException : Invalid session or session Timeout. (Session not found: ofK24gDJKf10AE6A666 ) : Addr: $007FF00F
PuniSalary2023.exe: 00002FF8: 15:41:15 [TUniServerModule]:Shutting Down Server.
PuniSalary2023.exe: 00002FF8: 15:41:15 [TUniServerModule]:Stopping HTTP Server.
PuniSalary2023.exe: 00002FF8: 15:41:16 [TUniServerModule]:HTTP Server Stopped.
PuniSalary2023.exe: 00002FF8: 15:41:16 [TUniGUISessionManager]:Terminating Session manager.
PuniSalary2023.exe: 00002FF8: 15:41:16 [TUniGUISessionManager]:Stopping Cache Eraser...
PuniSalary2023.exe: 00002FF8: 15:41:16 [TUniGUISessionManager]:Cache Eraser Stopped.
PuniSalary2023.exe: 00002FF8: 15:41:16 [TUniGUISessionManager]:Waiting for session manager thread...
PuniSalary2023.exe: 00002FF8: 15:41:16 [TUniGUISessionManager]:Session manager thread terminated.
PuniSalary2023.exe: 00002FF8: 15:41:16 [TUniGUISessionManager]:Destroying Worker Threads.
PuniSalary2023.exe: 00002FF8: 15:41:16 [TUniGUISessionManager]:Session manager terminated.
PuniSalary2023.exe: 00002FF8: 15:41:16 [TUniServerModule]:Server Shutdown Completed.
PuniSalary2023.exe: 00002FF8: 15:41:16 []:<-------------------------------------------------------------->
PuniSalary2023.exe: 00002FF8: 15:41:16 [Terminated]:Exit Code: 0
PuniSalary2023.exe: 00003F28: 15:41:48 []:>--------------------------------------------------------------<
PuniSalary2023.exe: 00003F28: 15:41:48 [TUniServerModule]:Server First Init.
PuniSalary2023.exe: 00003F28: 15:41:48 [TUniServerModule]:Start Path = D:\WorkSpace\UniSaraly\
PuniSalary2023.exe: 00003F28: 15:41:48 [TUniGUISessionManager]:Cache erase job created, Folder count: [2]
PuniSalary2023.exe: 00003F28: 15:41:48 [TUniServerModule]:Starting HTTP Server on Port: 8077...
PuniSalary2023.exe: 00003F28: 15:41:48 [TUniServerModule]:HTTP Server Started on Port: 8077
PuniSalary2023.exe: 000008E0: 16:40:00 [127.0.0.1]:EUniSessionException : Invalid session or session Timeout. (Session not found: 51juDgroIX10AE6CDE6 ) : Addr: $007FF00F
PuniSalary2023.exe: 000008E0: 16:40:01 [127.0.0.1]:EUniSessionException : Invalid session or session Timeout. (Session not found: QZw9O3Kzqi10AE6CC19 ) : Addr: $007FF00F
PuniSalary2023.exe: 000008E0: 16:40:01 [127.0.0.1]:EUniSessionException : Invalid session or session Timeout. (Session not found: sV1ZLnMacZ10AE69B35 ) : Addr: $007FF00F
PuniSalary2023.exe: 00003F28: 16:41:05 [Exit]:Unexpected attempt to terminate server application with Exit Code: 0
